<?xml version="1.0" encoding="UTF-8"?>
<!-- Generated by org.testng.reporters.JUnitReportReporter -->
<testsuite hostname="IL105642WIN" failures="0" tests="6" name="DynamicJson" time="3.813" errors="0" timestamp="2021-08-29T14:08:53 IDT" skipped="0">
  <testcase classname="DynamicJson" name="addBook" time="0.405"/>
  <system-out/>
  <testcase classname="DynamicJson" name="deleteBook" time="0.387"/>
  <system-out/>
  <testcase classname="DynamicJson" name="deleteBook" time="0.384"/>
  <system-out/>
  <testcase classname="DynamicJson" name="addBook" time="1.799"/>
  <system-out/>
  <testcase classname="DynamicJson" name="deleteBook" time="0.404"/>
  <system-out/>
  <testcase classname="DynamicJson" name="addBook" time="0.434"/>
  <system-out/>
</testsuite> <!-- DynamicJson -->
