<?xml version="1.0" encoding="UTF-8"?>
<!-- Generated by org.testng.reporters.JUnitReportReporter -->
<testsuite hostname="IL105642WIN" failures="0" tests="1" name="SumValidation" time="0.998" errors="0" timestamp="2021-08-29T09:22:50 IDT" skipped="0">
  <testcase classname="SumValidation" name="sumOfCourses" time="0.998"/>
  <system-out/>
</testsuite> <!-- SumValidation -->
